mode: set
github.com/Daniel-Sogbey/youtube-series/algorithms/algorithms.go:14.49,18.33 2 1
github.com/Daniel-Sogbey/youtube-series/algorithms/algorithms.go:18.33,21.27 2 1
github.com/Daniel-Sogbey/youtube-series/algorithms/algorithms.go:21.27,23.4 1 1
github.com/Daniel-Sogbey/youtube-series/algorithms/algorithms.go:23.9,25.4 1 1
github.com/Daniel-Sogbey/youtube-series/algorithms/algorithms.go:28.2,28.16 1 0
github.com/Daniel-Sogbey/youtube-series/algorithms/algorithms.go:31.43,32.35 1 1
github.com/Daniel-Sogbey/youtube-series/algorithms/algorithms.go:32.35,33.25 1 1
github.com/Daniel-Sogbey/youtube-series/algorithms/algorithms.go:33.25,35.4 1 1
github.com/Daniel-Sogbey/youtube-series/algorithms/algorithms.go:37.2,37.11 1 0
github.com/Daniel-Sogbey/youtube-series/algorithms/algorithms.go:51.36,55.19 3 0
github.com/Daniel-Sogbey/youtube-series/algorithms/algorithms.go:55.19,56.30 1 0
github.com/Daniel-Sogbey/youtube-series/algorithms/algorithms.go:56.30,58.4 1 0
github.com/Daniel-Sogbey/youtube-series/algorithms/algorithms.go:59.3,60.10 2 0
github.com/Daniel-Sogbey/youtube-series/algorithms/algorithms.go:63.2,63.13 1 0
github.com/Daniel-Sogbey/youtube-series/algorithms/algorithms.go:79.35,80.20 1 0
github.com/Daniel-Sogbey/youtube-series/algorithms/algorithms.go:80.20,82.3 1 0
github.com/Daniel-Sogbey/youtube-series/algorithms/algorithms.go:84.2,87.33 3 0
github.com/Daniel-Sogbey/youtube-series/algorithms/algorithms.go:87.33,90.3 2 0
github.com/Daniel-Sogbey/youtube-series/algorithms/algorithms.go:92.2,92.16 1 0
github.com/Daniel-Sogbey/youtube-series/algorithms/algorithms.go:96.36,97.33 1 0
github.com/Daniel-Sogbey/youtube-series/algorithms/algorithms.go:97.33,99.3 1 0
github.com/Daniel-Sogbey/youtube-series/algorithms/algorithms.go:101.2,101.13 1 0
github.com/Daniel-Sogbey/youtube-series/algorithms/algorithms.go:115.51,120.45 4 0
github.com/Daniel-Sogbey/youtube-series/algorithms/algorithms.go:120.45,121.32 1 0
github.com/Daniel-Sogbey/youtube-series/algorithms/algorithms.go:121.32,124.4 2 0
github.com/Daniel-Sogbey/youtube-series/algorithms/algorithms.go:124.9,127.4 2 0
github.com/Daniel-Sogbey/youtube-series/algorithms/algorithms.go:130.2,130.24 1 0
github.com/Daniel-Sogbey/youtube-series/algorithms/algorithms.go:130.24,133.3 2 0
github.com/Daniel-Sogbey/youtube-series/algorithms/algorithms.go:135.2,135.24 1 0
github.com/Daniel-Sogbey/youtube-series/algorithms/algorithms.go:135.24,138.3 2 0
github.com/Daniel-Sogbey/youtube-series/algorithms/algorithms.go:140.2,140.15 1 0
github.com/Daniel-Sogbey/youtube-series/algorithms/algorithms.go:159.49,162.39 2 0
github.com/Daniel-Sogbey/youtube-series/algorithms/algorithms.go:162.39,163.25 1 0
github.com/Daniel-Sogbey/youtube-series/algorithms/algorithms.go:163.25,165.4 1 0
github.com/Daniel-Sogbey/youtube-series/algorithms/algorithms.go:168.2,168.23 1 0
github.com/Daniel-Sogbey/youtube-series/algorithms/algorithms.go:192.43,194.2 1 0
